p/image_183.jpg 1 0 0 90 159
p/image_1.jpg 1 0 0 102 162
p/image_23.jpg 1 0 0 100 171
p/image_24.jpg 1 0 0 82 169
p/image_12.jpg 1 0 0 112 177
p/image_22.jpg 1 0 0 78 163
p/image_21.jpg 1 0 0 73 161
p/image_14.jpg 1 0 0 81 174
p/image_19.jpg 1 0 0 77 166
p/image_4.jpg 1 0 0 74 160
p/image_2.jpg 1 0 0 89 156
p/image_185.jpg 1 0 0 84 170
p/image_184.jpg 1 0 0 88 164
p/image_3.jpg 1 0 0 80 165
p/image_6.jpg 1 0 0 91 169
p/image_7.jpg 1 0 0 93 172
p/image_9.jpg 1 0 0 86 171
p/image_8.jpg 1 0 0 89 164
p/image_5.jpg 1 0 0 102 169
p/image_10.jpg 1 0 0 75 174
p/image_11.jpg 1 0 0 83 176
p/image_13.jpg 1 0 0 85 174
p/image_15.jpg 1 0 0 98 175
p/image_16.jpg 1 0 0 96 173
p/image_17.jpg 1 0 0 90 175
p/image_18.jpg 1 0 0 98 172
p/image_20.jpg 1 0 0 74 156
p/image_25.jpg 1 0 0 76 150
p/image_26.jpg 1 0 0 81 152
p/image_27.jpg 1 0 0 68 151
p/image_28.jpg 1 0 0 86 151
p/image_29.jpg 1 0 0 72 153
p/image_30.jpg 1 0 0 80 158
p/image_31.jpg 1 0 0 70 165
p/image_32.jpg 1 0 0 72 185
p/image_33.jpg 1 0 0 80 183
p/image_34.jpg 1 0 0 78 184
p/image_35.jpg 1 0 0 84 187
p/image_36.jpg 1 0 0 90 184
p/image_37.jpg 1 0 0 84 181
p/image_38.jpg 1 0 0 84 178
p/image_39.jpg 1 0 0 84 181
p/image_159.jpg 1 0 0 102 205
p/image_160.jpg 1 0 0 93 215
p/image_161.jpg 1 0 0 95 207
p/image_162.jpg 1 0 0 100 204
p/image_163.jpg 1 0 0 105 210
p/image_164.jpg 1 0 0 116 218
p/image_165.jpg 1 0 0 101 215
p/image_166.jpg 1 0 0 101 213
p/image_167.jpg 1 0 0 112 216
p/image_168.jpg 1 0 0 96 185
p/image_179.jpg 1 0 0 94 199
p/image_190.jpg 1 0 0 94 193
p/image_201.jpg 1 0 0 96 198
p/image_208.jpg 1 0 0 101 207
p/image_209.jpg 1 0 0 105 201
p/image_215.jpg 1 0 0 97 210
p/image_222.jpg 1 0 0 95 197
p/image_227.jpg 1 0 0 88 207
p/image_169.jpg 1 0 0 90 198
p/image_170.jpg 1 0 0 90 195
p/image_171.jpg 1 0 0 95 208
p/image_172.jpg 1 0 0 100 188
p/image_173.jpg 1 0 0 90 193
p/image_174.jpg 1 0 0 94 187
p/image_175.jpg 1 0 0 89 190
p/image_176.jpg 1 0 0 86 184
p/image_177.jpg 1 0 0 99 189
p/image_178.jpg 1 0 0 93 178
p/image_180.jpg 1 0 0 89 187
p/image_181.jpg 1 0 0 91 183
p/image_182.jpg 1 0 0 89 177
p/image_158.jpg 1 0 0 104 208
p/image_157.jpg 1 0 0 105 199
p/image_156.jpg 1 0 0 108 198
p/image_155.jpg 1 0 0 106 197
p/image_154.jpg 1 0 0 89 184
p/image_153.jpg 1 0 0 83 198
p/image_152.jpg 1 0 0 83 184
p/image_151.jpg 1 0 0 91 189
p/image_150.jpg 1 0 0 88 182
p/image_40.jpg 1 0 0 85 181
p/image_41.jpg 1 0 0 72 182
p/image_42.jpg 1 0 0 91 177
p/image_43.jpg 1 0 0 90 184
p/image_44.jpg 1 0 0 93 183
p/image_45.jpg 1 0 0 95 188
p/image_46.jpg 1 0 0 93 181
p/image_47.jpg 1 0 0 79 185
p/image_48.jpg 1 0 0 80 183
p/image_49.jpg 1 0 0 79 191
p/image_50.jpg 1 0 0 80 193
p/image_51.jpg 1 0 0 89 186
p/image_52.jpg 1 0 0 90 185
p/image_53.jpg 1 0 0 82 187
p/image_54.jpg 1 0 0 80 190
p/image_55.jpg 1 0 0 83 188
p/image_56.jpg 1 0 0 75 190
p/image_57.jpg 1 0 0 78 185
p/image_58.jpg 1 0 0 90 192
p/image_59.jpg 1 0 0 78 189
p/image_60.jpg 1 0 0 87 186
p/image_61.jpg 1 0 0 88 189
p/image_62.jpg 1 0 0 94 189
p/image_63.jpg 1 0 0 87 192
p/image_64.jpg 1 0 0 80 192
p/image_70.jpg 1 0 0 84 188
p/image_65.jpg 1 0 0 81 189
p/image_66.jpg 1 0 0 81 190
p/image_68.jpg 1 0 0 90 190
p/image_69.jpg 1 0 0 81 190
p/image_71.jpg 1 0 0 78 191
p/image_72.jpg 1 0 0 86 185
p/image_73.jpg 1 0 0 74 190
p/image_74.jpg 1 0 0 78 183
p/image_75.jpg 1 0 0 82 194
p/image_76.jpg 1 0 0 93 183
p/image_77.jpg 1 0 0 89 189
p/image_67.jpg 1 0 0 76 185
p/image_78.jpg 1 0 0 77 188
p/image_79.jpg 1 0 0 80 194
p/image_80.jpg 1 0 0 75 190
p/image_81.jpg 1 0 0 95 183
p/image_82.jpg 1 0 0 76 186
p/image_83.jpg 1 0 0 78 185
p/image_84.jpg 1 0 0 76 186
p/image_85.jpg 1 0 0 76 187
p/image_86.jpg 1 0 0 78 189
p/image_87.jpg 1 0 0 81 185
p/image_88.jpg 1 0 0 103 195
p/image_89.jpg 1 0 0 106 197
p/image_90.jpg 1 0 0 109 206
p/image_91.jpg 1 0 0 107 204
p/image_92.jpg 1 0 0 110 192
p/image_93.jpg 1 0 0 113 194
p/image_96.jpg 1 0 0 106 196
p/image_97.jpg 1 0 0 113 199
p/image_98.jpg 1 0 0 110 197
p/image_101.jpg 1 0 0 96 197
p/image_102.jpg 1 0 0 98 202
p/image_103.jpg 1 0 0 103 205
p/image_104.jpg 1 0 0 104 202
p/image_105.jpg 1 0 0 95 199
p/image_106.jpg 1 0 0 94 201
p/image_99.jpg 1 0 0 107 193
p/image_100.jpg 1 0 0 112 207
p/image_111.jpg 1 0 0 95 209
p/image_112.jpg 1 0 0 96 209
p/image_110.jpg 1 0 0 109 203
p/image_107.jpg 1 0 0 107 211
p/image_94.jpg 1 0 0 118 203
p/image_95.jpg 1 0 0 110 198
p/image_108.jpg 1 0 0 99 208
p/image_109.jpg 1 0 0 99 199
p/image_113.jpg 1 0 0 98 198
p/image_115.jpg 1 0 0 95 193
p/image_114.jpg 1 0 0 95 200
p/image_116.jpg 1 0 0 98 203
p/image_117.jpg 1 0 0 98 207
p/image_118.jpg 1 0 0 100 200
p/image_119.jpg 1 0 0 100 201
p/image_120.jpg 1 0 0 103 199
p/image_121.jpg 1 0 0 104 201
p/image_122.jpg 1 0 0 104 199
p/image_123.jpg 1 0 0 103 195
p/image_124.jpg 1 0 0 99 195
p/image_125.jpg 1 0 0 114 194
p/image_126.jpg 1 0 0 115 191
p/image_127.jpg 1 0 0 116 190
p/image_128.jpg 1 0 0 115 193
p/image_129.jpg 1 0 0 120 195
p/image_130.jpg 1 0 0 114 191
p/image_131.jpg 1 0 0 109 195
p/image_132.jpg 1 0 0 107 205
p/image_133.jpg 1 0 0 109 200
p/image_134.jpg 1 0 0 108 202
p/image_135.jpg 1 0 0 105 202
p/image_136.jpg 1 0 0 112 207
p/image_137.jpg 1 0 0 105 196
p/image_138.jpg 1 0 0 106 204
p/image_139.jpg 1 0 0 102 202
p/image_140.jpg 1 0 0 97 204
p/image_141.jpg 1 0 0 108 204
p/image_142.jpg 1 0 0 99 200
p/image_143.jpg 1 0 0 98 205
p/image_144.jpg 1 0 0 105 207
p/image_145.jpg 1 0 0 102 202
p/image_146.jpg 1 0 0 99 202
p/image_147.jpg 1 0 0 95 205
p/image_148.jpg 1 0 0 101 208
p/image_149.jpg 1 0 0 103 210
p/image_225.jpg 1 0 0 115 221
p/image_224.jpg 1 0 0 123 240
p/image_223.jpg 1 0 0 126 218
p/image_220.jpg 1 0 0 130 248
p/image_221.jpg 1 0 0 145 246
p/image_226.jpg 1 0 0 107 266
p/image_219.jpg 1 0 0 129 237
p/image_218.jpg 1 0 0 143 283
p/image_216.jpg 1 0 0 126 232
p/image_214.jpg 1 0 0 122 262
p/image_217.jpg 1 0 0 115 273
p/image_212.jpg 1 0 0 148 216
p/image_213.jpg 1 0 0 142 234
p/image_210.jpg 1 0 0 137 239
p/image_211.jpg 1 0 0 131 229
p/image_206.jpg 1 0 0 145 223
p/image_205.jpg 1 0 0 135 236
p/image_188.jpg 1 0 0 158 233
p/image_204.jpg 1 0 0 138 217
p/image_197.jpg 1 0 0 121 222
p/image_196.jpg 1 0 0 115 232
p/image_189.jpg 1 0 0 155 210
p/image_186.jpg 1 0 0 154 207
p/image_207.jpg 1 0 0 135 214
p/image_187.jpg 1 0 0 158 219
p/image_203.jpg 1 0 0 147 234
p/image_202.jpg 1 0 0 133 241
p/image_200.jpg 1 0 0 143 238
p/image_199.jpg 1 0 0 119 236
p/image_198.jpg 1 0 0 135 227
p/image_195.jpg 1 0 0 129 212
p/image_194.jpg 1 0 0 139 231
p/image_193.jpg 1 0 0 151 221
p/image_192.jpg 1 0 0 150 222
p/image_191.jpg 1 0 0 173 214